0 info it worked if it ends with ok
1 verbose cli [
1 verbose cli   'C:\\Program Files\\nodejs\\node.exe',
1 verbose cli   'C:\\Program Files\\nodejs\\node_modules\\npm\\bin\\npm-cli.js',
1 verbose cli   'i',
1 verbose cli   '-D',
1 verbose cli   '@nrwl/nest'
1 verbose cli ]
2 info using npm@6.14.10
3 info using node@v14.15.4
4 verbose npm-session e4c032c7079dae70
5 silly install loadCurrentTree
6 silly install readLocalPackageData
7 http fetch GET 200 https://registry.npmjs.org/@nrwl%2fnest 3928ms
8 http fetch GET 200 https://registry.npmjs.org/@nrwl/nest/-/nest-11.2.10.tgz 3272ms
9 silly pacote tag manifest for @nrwl/nest@latest fetched in 7230ms
10 timing stage:loadCurrentTree Completed in 11510ms
11 silly install loadIdealTree
12 silly install cloneCurrentTreeToIdealTree
13 timing stage:loadIdealTree:cloneCurrentTree Completed in 46ms
14 silly install loadShrinkwrap
15 timing stage:loadIdealTree:loadShrinkwrap Completed in 1814ms
16 silly install loadAllDepsIntoIdealTree
17 silly resolveWithNewModule @nrwl/nest@11.2.10 checking installable status
18 http fetch GET 200 https://registry.npmjs.org/@nestjs%2fschematics 330ms
19 http fetch GET 200 https://registry.npmjs.org/@nestjs/schematics/-/schematics-7.2.7.tgz 1486ms
20 silly pacote range manifest for @nestjs/schematics@^7.0.0 fetched in 1826ms
21 silly resolveWithNewModule @nestjs/schematics@7.2.7 checking installable status
22 http fetch GET 200 https://registry.npmjs.org/@nrwl%2fnode 35150ms
23 http fetch GET 200 https://registry.npmjs.org/@nrwl/node/-/node-11.2.10.tgz 3404ms
24 silly pacote version manifest for @nrwl/node@11.2.10 fetched in 38572ms
25 silly resolveWithNewModule @nrwl/node@11.2.10 checking installable status
26 http fetch GET 200 https://registry.npmjs.org/pluralize 54ms
27 http fetch GET 200 https://registry.npmjs.org/pluralize/-/pluralize-8.0.0.tgz 28ms
28 silly pacote version manifest for pluralize@8.0.0 fetched in 90ms
29 silly resolveWithNewModule pluralize@8.0.0 checking installable status
30 http fetch GET 200 https://registry.npmjs.org/fs-extra 166ms
31 http fetch GET 200 https://registry.npmjs.org/fs-extra/-/fs-extra-9.1.0.tgz 40ms
32 silly pacote version manifest for fs-extra@9.1.0 fetched in 213ms
33 silly resolveWithNewModule fs-extra@9.1.0 checking installable status
34 http fetch GET 200 https://registry.npmjs.org/@angular-devkit%2fschematics 369ms
35 http fetch GET 200 https://registry.npmjs.org/@angular-devkit%2fcore 404ms
36 http fetch GET 200 https://registry.npmjs.org/@angular-devkit/schematics/-/schematics-11.1.0.tgz 1512ms
37 http fetch GET 200 https://registry.npmjs.org/@angular-devkit/core/-/core-11.1.0.tgz 1483ms
38 silly pacote version manifest for @angular-devkit/schematics@11.1.0 fetched in 1897ms
39 silly resolveWithNewModule @angular-devkit/schematics@11.1.0 checking installable status
40 silly pacote version manifest for @angular-devkit/core@11.1.0 fetched in 1898ms
41 silly resolveWithNewModule @angular-devkit/core@11.1.0 checking installable status
42 http fetch GET 200 https://registry.npmjs.org/ora 39ms
43 http fetch GET 200 https://registry.npmjs.org/ora/-/ora-5.2.0.tgz 23ms
44 silly pacote version manifest for ora@5.2.0 fetched in 71ms
45 silly resolveWithNewModule ora@5.2.0 checking installable status
46 http fetch GET 200 https://registry.npmjs.org/bl 26ms
47 http fetch GET 200 https://registry.npmjs.org/bl/-/bl-4.0.4.tgz 35ms
48 silly pacote range manifest for bl@^4.0.3 fetched in 68ms
49 silly resolveWithNewModule bl@4.0.4 checking installable status
50 http fetch GET 200 https://registry.npmjs.org/readable-stream 38ms
51 http fetch GET 200 https://registry.npmjs.org/buffer 41ms
52 http fetch GET 200 https://registry.npmjs.org/buffer/-/buffer-5.7.1.tgz 32ms
53 http fetch GET 200 https://registry.npmjs.org/readable-stream/-/readable-stream-3.6.0.tgz 34ms
54 silly pacote range manifest for readable-stream@^3.4.0 fetched in 83ms
55 silly resolveWithNewModule readable-stream@3.6.0 checking installable status
56 silly pacote range manifest for buffer@^5.5.0 fetched in 85ms
57 silly resolveWithNewModule buffer@5.7.1 checking installable status
58 http fetch GET 200 https://registry.npmjs.org/jsonfile 36ms
59 http fetch GET 200 https://registry.npmjs.org/universalify 41ms
60 http fetch GET 200 https://registry.npmjs.org/jsonfile/-/jsonfile-6.1.0.tgz 5293ms
61 silly pacote range manifest for jsonfile@^6.0.1 fetched in 5334ms
62 silly resolveWithNewModule jsonfile@6.1.0 checking installable status
63 http fetch GET 200 https://registry.npmjs.org/universalify/-/universalify-2.0.0.tgz 5302ms
64 silly pacote range manifest for universalify@^2.0.0 fetched in 5353ms
65 silly resolveWithNewModule universalify@2.0.0 checking installable status
66 http fetch GET 200 https://registry.npmjs.org/license-webpack-plugin 48259ms
67 http fetch GET 200 https://registry.npmjs.org/license-webpack-plugin/-/license-webpack-plugin-2.1.2.tgz 57ms
68 silly pacote version manifest for license-webpack-plugin@2.1.2 fetched in 48337ms
69 silly resolveWithNewModule license-webpack-plugin@2.1.2 checking installable status
70 http fetch GET 200 https://registry.npmjs.org/webpack 102617ms attempt #3
71 http fetch GET 200 https://registry.npmjs.org/webpack/-/webpack-4.42.0.tgz 548ms
72 silly pacote version manifest for webpack@4.42.0 fetched in 103202ms
73 silly resolveWithNewModule webpack@4.42.0 checking installable status
74 http fetch GET 200 https://registry.npmjs.org/webpack-merge 131894ms attempt #3
75 http fetch GET 200 https://registry.npmjs.org/webpack-merge/-/webpack-merge-4.2.1.tgz 50ms
76 silly pacote version manifest for webpack-merge@4.2.1 fetched in 131960ms
77 silly resolveWithNewModule webpack-merge@4.2.1 checking installable status
78 timing npm Completed in 192488ms
79 error cb() never called!
80 error This is an error with npm itself. Please report this error at:
81 error <https://npm.community>
